{"level":"info","message":"Request: POST /api/validate-deck","timestamp":"2025-02-11T22:46:19.139Z"}
{"level":"info","message":"Request: POST /api/validate-deck","timestamp":"2025-02-11T22:46:22.363Z"}
{"level":"info","message":"Request: POST /api/validate-deck","timestamp":"2025-02-11T22:46:33.929Z"}
{"level":"info","message":"Request: POST /api/validate-deck","timestamp":"2025-02-11T22:46:35.153Z"}
{"level":"info","message":"Request: POST /api/validate-deck","timestamp":"2025-02-11T22:47:38.591Z"}
{"level":"info","message":"Request: POST /api/validate-deck","timestamp":"2025-02-11T22:48:08.042Z"}
{"level":"info","message":"Request: POST /api/validate-deck","timestamp":"2025-02-11T22:48:12.009Z"}
{"level":"info","message":"Request: POST /api/validate-deck","timestamp":"2025-02-11T22:48:23.878Z"}
{"level":"info","message":"Request: POST /api/","timestamp":"2025-02-11T22:48:27.941Z"}
{"level":"info","message":"Request: POST /api/","timestamp":"2025-02-11T22:49:58.809Z"}
{"level":"info","message":"Request: POST /api/ab","timestamp":"2025-02-11T22:51:01.685Z"}
{"level":"info","message":"Request: GET /api/ab","timestamp":"2025-02-11T22:51:07.864Z"}
{"level":"info","message":"Request: GET /api/ab","timestamp":"2025-02-11T22:52:47.706Z"}
{"level":"info","message":"Request: GET /api/ab","timestamp":"2025-02-11T22:52:48.800Z"}
{"level":"info","message":"Request: GET /api/ab","timestamp":"2025-02-11T22:52:52.956Z"}
{"level":"info","message":"Request: GET /api/validate-deck","timestamp":"2025-02-11T22:57:07.710Z"}
{"level":"info","message":"Request: POST /api/validate-deck","timestamp":"2025-02-11T22:57:13.472Z"}
{"level":"info","message":"Request: POST /api/validate-deck","timestamp":"2025-02-11T22:58:13.439Z"}
{"level":"info","message":"Request: POST /api/validate-deck","timestamp":"2025-02-11T23:15:27.736Z"}
{"level":"info","message":"Request: POST /api/validate-deck","timestamp":"2025-02-12T00:53:25.825Z"}
{"level":"info","message":"Request: POST /api/validate-deck","timestamp":"2025-02-12T00:54:03.630Z"}
{"level":"info","message":"Request: POST /api/ab","timestamp":"2025-02-12T00:54:10.510Z"}
{"level":"info","message":"Request: GET /api/ab","timestamp":"2025-02-12T00:54:15.580Z"}
{"level":"info","message":"Request: GET /api/ab/","timestamp":"2025-02-12T00:54:19.733Z"}
{"level":"info","message":"Request: GET /api/ab/","timestamp":"2025-02-12T00:55:04.224Z"}
{"level":"info","message":"Request: GET /api/ab/","timestamp":"2025-02-12T00:55:18.897Z"}
{"level":"info","message":"Request: GET /api/","timestamp":"2025-02-12T00:55:23.087Z"}
{"level":"info","message":"Request: GET /api/","timestamp":"2025-02-12T00:57:57.806Z"}
{"level":"info","message":"Request: GET /api/validate-deck","timestamp":"2025-02-12T00:58:09.572Z"}
{"level":"info","message":"Request: POST /api/validate-deck","timestamp":"2025-02-12T00:58:15.147Z"}
{"level":"info","message":"Request: POST /api/validate-deck","timestamp":"2025-02-12T00:58:40.823Z"}
{"level":"info","message":"Request: POST /api/validate-deck","timestamp":"2025-02-12T01:02:17.021Z"}
{"level":"info","message":"Request: POST /api/validate-deck","timestamp":"2025-02-12T01:02:56.653Z"}
{"level":"info","message":"Request: POST /api/validate-deck","timestamp":"2025-02-12T04:06:49.309Z"}
{"level":"info","message":"Request: POST /api/validate-deck","timestamp":"2025-02-12T04:08:16.973Z"}
{"level":"info","message":"Request: POST /api/validate-deck","timestamp":"2025-02-12T04:09:10.453Z"}
{"level":"info","message":"Request: POST /api/validate-deck","timestamp":"2025-02-12T04:10:22.214Z"}
{"level":"info","message":"Request: POST /api/validate-deck","timestamp":"2025-02-12T04:10:56.476Z"}
{"level":"info","message":"Request: POST /api/validate-deck","timestamp":"2025-02-12T04:11:06.038Z"}
{"level":"info","message":"Request: POST /api/validate-deck","timestamp":"2025-02-12T04:13:17.806Z"}
{"level":"info","message":"Request: POST /api/validate-deck","timestamp":"2025-02-12T04:13:19.051Z"}
{"level":"info","message":"Request: POST /api/validate-deck","timestamp":"2025-02-12T04:13:54.212Z"}
{"level":"info","message":"Request: POST /api/validate-deck","timestamp":"2025-02-12T04:15:13.768Z"}
{"level":"info","message":"Request: POST /api/validate-deck","timestamp":"2025-02-12T04:16:29.029Z"}
{"level":"info","message":"Request: POST /api/validate-deck","timestamp":"2025-02-12T04:17:40.884Z"}
{"level":"info","message":"Request: POST /api/validate-deck","timestamp":"2025-02-12T04:17:47.783Z"}
{"level":"info","message":"Request: POST /api/validate-deck","timestamp":"2025-02-12T04:18:08.197Z"}
{"level":"info","message":"Request: POST /api/validate-deck","timestamp":"2025-02-12T04:18:11.746Z"}
{"level":"info","message":"Request: POST /api/validate-deck","timestamp":"2025-02-12T04:18:24.940Z"}
{"level":"info","message":"Request: POST /api/validate-deck","timestamp":"2025-02-12T04:18:37.331Z"}
{"level":"info","message":"Request: POST /api/validate-deck","timestamp":"2025-02-12T04:18:38.485Z"}
{"level":"info","message":"Request: POST /api/validate-deck","timestamp":"2025-02-12T04:19:07.417Z"}
{"level":"info","message":"Request: POST /api/validate-deck","timestamp":"2025-02-12T04:20:02.816Z"}
{"level":"info","message":"Request: POST /api/validate-deck","timestamp":"2025-02-12T04:22:14.055Z"}
{"level":"info","message":"Request: POST /api/validate-deck","timestamp":"2025-02-12T04:22:15.252Z"}
{"level":"info","message":"Request: POST /api/validate-deck","timestamp":"2025-02-12T04:23:21.155Z"}
{"level":"info","message":"Request: POST /api/validate-deck","timestamp":"2025-02-12T04:23:26.920Z"}
{"level":"info","message":"Request: POST /api/validate-deck","timestamp":"2025-02-12T04:23:36.806Z"}
{"level":"info","message":"Request: POST /api/validate-deck","timestamp":"2025-02-12T12:50:04.331Z"}
{"level":"info","message":"Request: POST /api/validate-deck","timestamp":"2025-02-12T12:53:57.901Z"}
{"level":"info","message":"Request: POST /api/validate-deck","timestamp":"2025-02-12T12:54:17.235Z"}
{"level":"info","message":"Request: POST /api/validate-deck","timestamp":"2025-02-12T12:55:09.623Z"}
{"level":"info","message":"Request: POST /api/validate-deck","timestamp":"2025-02-12T12:55:10.675Z"}
{"level":"info","message":"Request: POST /api/validate-deck","timestamp":"2025-02-12T12:55:11.510Z"}
{"level":"info","message":"Request: POST /api/validate-deck","timestamp":"2025-02-12T12:55:12.293Z"}
{"level":"info","message":"Request: POST /api/validate-deck","timestamp":"2025-02-12T12:55:13.070Z"}
{"level":"info","message":"Request: POST /api/validate-deck","timestamp":"2025-02-12T12:55:30.836Z"}
{"level":"info","message":"Request: POST /api/validate-deck","timestamp":"2025-02-12T12:57:09.376Z"}
{"level":"info","message":"Request: POST /api/validate-deck","timestamp":"2025-02-12T12:57:39.740Z"}
{"level":"info","message":"Request: POST /api/validate-deck","timestamp":"2025-02-12T12:57:40.875Z"}
{"level":"info","message":"Request: POST /api/validate-deck","timestamp":"2025-02-12T12:57:41.960Z"}
{"level":"info","message":"Request: POST /api/validate-deck","timestamp":"2025-02-12T12:57:44.423Z"}
{"level":"info","message":"Request: POST /api/validate-deck","timestamp":"2025-02-12T12:58:24.424Z"}
{"level":"info","message":"Request: POST /api/validate-deck","timestamp":"2025-02-12T13:02:58.464Z"}
{"level":"info","message":"Request: POST /api/validate-deck","timestamp":"2025-02-12T13:02:59.623Z"}
{"level":"info","message":"Request: POST /api/validate-deck","timestamp":"2025-02-12T13:03:00.565Z"}
{"level":"info","message":"Request: POST /api/validate-deck","timestamp":"2025-02-12T13:03:12.498Z"}
{"level":"info","message":"Request: POST /api/validate-deck","timestamp":"2025-02-12T13:03:13.897Z"}
{"level":"info","message":"Request: POST /api/validate-deck","timestamp":"2025-02-12T13:03:47.529Z"}
{"level":"info","message":"Request: POST /api/validate-deck","timestamp":"2025-02-12T13:03:48.612Z"}
{"level":"info","message":"Request: POST /api/validate-deck","timestamp":"2025-02-12T13:03:49.430Z"}
{"level":"info","message":"Request: POST /api/validate-deck","timestamp":"2025-02-12T13:04:35.793Z"}
{"level":"info","message":"Request: POST /api/validate-deck","timestamp":"2025-02-12T13:04:37.169Z"}
{"level":"info","message":"Request: POST /api/validate-deck","timestamp":"2025-02-12T13:04:38.239Z"}
{"level":"info","message":"Request: POST /api/validate-deck","timestamp":"2025-02-12T13:04:49.331Z"}
{"level":"info","message":"Request: POST /api/validate-deck","timestamp":"2025-02-12T13:05:44.025Z"}
{"level":"info","message":"Request: POST /api/validate-deck","timestamp":"2025-02-12T13:05:45.015Z"}
{"level":"info","message":"Request: POST /api/validate-deck","timestamp":"2025-02-12T13:05:45.796Z"}
{"level":"info","message":"Request: POST /api/validate-deck","timestamp":"2025-02-12T13:06:04.356Z"}
{"level":"info","message":"Request: POST /api/validate-deck","timestamp":"2025-02-12T13:11:10.053Z"}
{"level":"info","message":"Request: POST /api/validate-deck","timestamp":"2025-02-12T13:14:43.892Z"}
{"level":"info","message":"Request: POST /api/validate-deck","timestamp":"2025-02-12T13:15:29.389Z"}
{"level":"info","message":"Request: POST /api/validate-deck","timestamp":"2025-02-12T13:15:37.728Z"}
{"level":"info","message":"Request: POST /api/validate-deck","timestamp":"2025-02-12T13:16:09.463Z"}
{"level":"info","message":"Request: POST /api/validate-deck","timestamp":"2025-02-12T13:17:02.692Z"}
{"level":"info","message":"Request: POST /api/validate-deck","timestamp":"2025-02-12T13:17:03.892Z"}
{"level":"info","message":"Request: POST /api/validate-deck","timestamp":"2025-02-12T13:18:47.729Z"}
{"level":"info","message":"Request: POST /api/validate-deck","timestamp":"2025-02-12T13:18:48.777Z"}
{"level":"info","message":"Request: POST /api/validate-deck","timestamp":"2025-02-12T13:19:09.557Z"}
{"level":"info","message":"Request: POST /api/validate-deck","timestamp":"2025-02-12T13:19:15.786Z"}
{"level":"info","message":"Request: POST /api/validate-deck","timestamp":"2025-02-12T13:19:34.196Z"}
{"level":"info","message":"Request: POST /api/validate-deck","timestamp":"2025-02-12T13:19:50.905Z"}
{"level":"info","message":"Request: POST /api/validate-deck","timestamp":"2025-02-12T13:20:01.345Z"}
{"level":"info","message":"Request: POST /api/validate-deck","timestamp":"2025-02-12T13:20:03.747Z"}
{"level":"info","message":"Request: POST /api/validate-deck","timestamp":"2025-02-12T13:20:05.606Z"}
{"level":"info","message":"Request: POST /api/validate-deck","timestamp":"2025-02-12T13:27:00.913Z"}
{"level":"info","message":"Request: POST /api/validate-deck","timestamp":"2025-02-12T13:27:49.958Z"}
{"level":"info","message":"Request: POST /api/validate-deck","timestamp":"2025-02-12T13:27:58.601Z"}
{"level":"info","message":"Request: POST /api/validate-deck","timestamp":"2025-02-12T13:28:20.542Z"}
{"level":"info","message":"Request: POST /api/validate-deck","timestamp":"2025-02-12T13:29:08.226Z"}
{"level":"info","message":"Request: POST /api/validate-deck","timestamp":"2025-02-12T13:29:24.545Z"}
{"level":"info","message":"Request: POST /api/validate-deck","timestamp":"2025-02-12T13:29:39.060Z"}
{"level":"info","message":"Request: POST /api/validate-deck","timestamp":"2025-02-12T13:29:43.472Z"}
